-------------------------------------------------------------------------------
Test set: modelslTests.HibernateManyToManyAnnotationMainIntegrationTest
-------------------------------------------------------------------------------
Tests run: 2, Failures: 0, Errors: 2, Skipped: 0, Time elapsed: 0.63 sec <<< FAILURE! - in modelslTests.HibernateManyToManyAnnotationMainIntegrationTest
givenData_whenInsert_thenCreatesMtoMrelationship  Time elapsed: 0.013 sec  <<< ERROR!
java.lang.ExceptionInInitializerError
	at modelslTests.HibernateManyToManyAnnotationMainIntegrationTest.<clinit>(HibernateManyToManyAnnotationMainIntegrationTest.java:25)

givenSession_whenRead_thenReturnsMtoMdata  Time elapsed: 0 sec  <<< ERROR!
java.lang.NoClassDefFoundError: Could not initialize class modelslTests.HibernateManyToManyAnnotationMainIntegrationTest

